<?xml version="1.0" encoding="UTF-8"?>
<!-- Generated by org.testng.reporters.JUnitReportReporter -->
<testsuite skipped="0" hostname="hp-11" name="test.LoginTest" tests="3" failures="0" timestamp="04 nov 2017 01:37:53 GMT" time="9.831" errors="0">
  <testcase name="validarTextLinks" time="1.416" classname="test.LoginTest"/>
  <testcase name="verificarCamposLogin" time="0.702" classname="test.LoginTest"/>
  <testcase name="autenticarse" time="7.713" classname="test.LoginTest"/>
</testsuite> <!-- test.LoginTest -->
