<?xml version="1.0" encoding="UTF-8"?>
<!-- Generated by org.testng.reporters.JUnitReportReporter -->
<testsuite skipped="0" hostname="hp-11" name="test.BookFlightTest" tests="3" failures="0" timestamp="04 nov 2017 01:10:45 GMT" time="52.364" errors="0">
  <testcase name="validarTextLinks" time="18.319" classname="test.BookFlightTest"/>
  <testcase name="verificarElementosBookFlight" time="6.710" classname="test.BookFlightTest"/>
  <testcase name="seleccionarOpcionesBookFlight" time="27.335" classname="test.BookFlightTest"/>
</testsuite> <!-- test.BookFlightTest -->
