<?xml version="1.0" encoding="UTF-8"?>
<!-- Generated by org.testng.reporters.JUnitReportReporter -->
<testsuite skipped="0" hostname="hp-11" name="test.FindFlightTest" tests="3" failures="0" timestamp="02 nov 2017 20:33:59 GMT" time="18.682" errors="0">
  <testcase name="validarTextLinks" time="6.576" classname="test.FindFlightTest"/>
  <testcase name="verificarElementosFindFlight" time="3.585" classname="test.FindFlightTest"/>
  <testcase name="seleccionarOpcionesVuelo" time="8.521" classname="test.FindFlightTest"/>
</testsuite> <!-- test.FindFlightTest -->
