<?xml version="1.0" encoding="UTF-8"?>
<!-- Generated by org.testng.reporters.JUnitReportReporter -->
<testsuite skipped="0" hostname="hp-11" name="test.LoginTest" tests="3" failures="0" timestamp="02 nov 2017 20:33:59 GMT" time="16.082" errors="0">
  <testcase name="validarTextLinks" time="1.590" classname="test.LoginTest"/>
  <testcase name="verificarCamposLogin" time="0.766" classname="test.LoginTest"/>
  <testcase name="autenticarse" time="13.726" classname="test.LoginTest"/>
</testsuite> <!-- test.LoginTest -->
