<?xml version="1.0" encoding="UTF-8"?>
<!-- Generated by org.testng.reporters.JUnitReportReporter -->
<testsuite skipped="0" hostname="hp-11" name="test.FlightConfirmationTest" tests="3" failures="0" timestamp="04 nov 2017 01:27:34 GMT" time="41.393" errors="0">
  <testcase name="validarTextLinks" time="39.651" classname="test.FlightConfirmationTest"/>
  <testcase name="verificarElementosFlightConfirmation" time="0.720" classname="test.FlightConfirmationTest"/>
  <testcase name="seleccionarOpcionesConfirmationFlight" time="1.022" classname="test.FlightConfirmationTest"/>
</testsuite> <!-- test.FlightConfirmationTest -->
