<?xml version="1.0" encoding="UTF-8"?>
<!-- Generated by org.testng.reporters.JUnitReportReporter -->
<testsuite skipped="0" hostname="hp-11" name="test.FlightConfirmationTest" tests="3" failures="0" timestamp="04 nov 2017 01:37:53 GMT" time="46.198" errors="0">
  <testcase name="validarTextLinks" time="44.304" classname="test.FlightConfirmationTest"/>
  <testcase name="verificarElementosFlightConfirmation" time="0.864" classname="test.FlightConfirmationTest"/>
  <testcase name="seleccionarOpcionesConfirmationFlight" time="1.030" classname="test.FlightConfirmationTest"/>
</testsuite> <!-- test.FlightConfirmationTest -->
