<?xml version="1.0" encoding="UTF-8"?>
<!-- Generated by org.testng.reporters.JUnitReportReporter -->
<testsuite skipped="0" hostname="hp-11" name="test.RegisterTest" tests="3" failures="0" timestamp="30 oct 2017 04:48:31 GMT" time="19.439" errors="0">
  <testcase name="validarTextLinks" time="0.520" classname="test.RegisterTest"/>
  <testcase name="verificarCamposRegister" time="4.976" classname="test.RegisterTest"/>
  <testcase name="registrase" time="13.943" classname="test.RegisterTest"/>
</testsuite> <!-- test.RegisterTest -->
