<?xml version="1.0" encoding="UTF-8"?>
<!-- Generated by org.testng.reporters.JUnitReportReporter -->
<testsuite skipped="0" hostname="hp-11" name="scriptsSimples.ReservaCruceroVariosMetodos" tests="3" failures="0" timestamp="26 oct 2017 05:48:35 GMT" time="23.234" errors="0">
  <testcase name="ingresoCruises" time="2.374" classname="scriptsSimples.ReservaCruceroVariosMetodos"/>
  <testcase name="login" time="6.235" classname="scriptsSimples.ReservaCruceroVariosMetodos"/>
  <testcase name="reservar" time="14.625" classname="scriptsSimples.ReservaCruceroVariosMetodos"/>
</testsuite> <!-- scriptsSimples.ReservaCruceroVariosMetodos -->
