<?xml version="1.0" encoding="UTF-8"?>
<!-- Generated by org.testng.reporters.JUnitReportReporter -->
<testsuite skipped="0" hostname="BILISB09" name="scriptsSimples.LoginMercuryTours" tests="1" failures="0" timestamp="24 oct 2017 00:01:30 GMT" time="3.738" errors="0">
  <testcase name="testLoginMercuryTours" time="3.738" classname="scriptsSimples.LoginMercuryTours"/>
</testsuite> <!-- scriptsSimples.LoginMercuryTours -->
