<?xml version="1.0" encoding="UTF-8"?>
<!-- Generated by org.testng.reporters.JUnitReportReporter -->
<testsuite skipped="0" hostname="hp-11" name="test.BookFlightTest" tests="3" failures="0" timestamp="04 nov 2017 01:27:34 GMT" time="43.951" errors="0">
  <testcase name="validarTextLinks" time="15.890" classname="test.BookFlightTest"/>
  <testcase name="verificarElementosBookFlight" time="5.956" classname="test.BookFlightTest"/>
  <testcase name="seleccionarOpcionesBookFlight" time="22.105" classname="test.BookFlightTest"/>
</testsuite> <!-- test.BookFlightTest -->
