<?xml version="1.0" encoding="UTF-8"?>
<!-- Generated by org.testng.reporters.JUnitReportReporter -->
<testsuite skipped="0" hostname="hp-11" name="test.SelectFlightTest" tests="3" failures="0" timestamp="04 nov 2017 01:27:34 GMT" time="18.151" errors="0">
  <testcase name="validarTextLinks" time="13.893" classname="test.SelectFlightTest"/>
  <testcase name="verificarElementosFindFlight" time="1.892" classname="test.SelectFlightTest"/>
  <testcase name="seleccionarDepartAndReturn" time="2.366" classname="test.SelectFlightTest"/>
</testsuite> <!-- test.SelectFlightTest -->
