<?xml version="1.0" encoding="UTF-8"?>
<!-- Generated by org.testng.reporters.JUnitReportReporter -->
<testsuite skipped="0" hostname="hp-11" name="test.PruebaNavegacionMenu" tests="3" failures="0" timestamp="28 oct 2017 19:46:03 GMT" time="10.152" errors="0">
  <testcase name="validarTextLinks" time="1.460" classname="test.PruebaNavegacionMenu"/>
  <testcase name="verificarCamposLogin" time="0.692" classname="test.PruebaNavegacionMenu"/>
  <testcase name="autenticarse" time="8.000" classname="test.PruebaNavegacionMenu"/>
</testsuite> <!-- test.PruebaNavegacionMenu -->
