<?xml version="1.0" encoding="UTF-8"?>
<!-- Generated by org.testng.reporters.JUnitReportReporter -->
<testsuite skipped="0" hostname="hp-11" name="test.NavegacionMenu" tests="3" failures="0" timestamp="28 oct 2017 19:54:02 GMT" time="10.086" errors="0">
  <testcase name="validarTextLinks" time="1.406" classname="test.NavegacionMenu"/>
  <testcase name="verificarCamposLogin" time="0.715" classname="test.NavegacionMenu"/>
  <testcase name="autenticarse" time="7.965" classname="test.NavegacionMenu"/>
</testsuite> <!-- test.NavegacionMenu -->
