<?xml version="1.0" encoding="UTF-8"?>
<!-- Generated by org.testng.reporters.JUnitReportReporter -->
<testsuite skipped="0" hostname="hp-11" name="test.RegisterTest" tests="3" failures="0" timestamp="30 oct 2017 04:20:01 GMT" time="20.994" errors="0">
  <testcase name="validarTextLinks" time="0.562" classname="test.RegisterTest"/>
  <testcase name="verificarCamposRegister" time="5.126" classname="test.RegisterTest"/>
  <testcase name="registrase" time="15.306" classname="test.RegisterTest"/>
</testsuite> <!-- test.RegisterTest -->
