<?xml version="1.0" encoding="UTF-8"?>
<!-- Generated by org.testng.reporters.JUnitReportReporter -->
<testsuite skipped="0" hostname="hp-11" name="test.FlightReservationTest" tests="3" failures="0" timestamp="31 oct 2017 15:24:43 GMT" time="17.179" errors="0">
  <testcase name="validarTextLinks" time="5.896" classname="test.FlightReservationTest"/>
  <testcase name="verificarElementosFindFlight" time="3.266" classname="test.FlightReservationTest"/>
  <testcase name="seleccionarOpcionesVuelo" time="8.017" classname="test.FlightReservationTest"/>
</testsuite> <!-- test.FlightReservationTest -->
