<?xml version="1.0" encoding="UTF-8"?>
<!-- Generated by org.testng.reporters.JUnitReportReporter -->
<testsuite skipped="0" hostname="hp-11" name="scriptsSimples.RegistroUsuario" tests="1" failures="0" timestamp="26 oct 2017 07:22:17 GMT" time="12.424" errors="0">
  <testcase name="testRegistroUsuario" time="12.424" classname="scriptsSimples.RegistroUsuario"/>
</testsuite> <!-- scriptsSimples.RegistroUsuario -->
