<?xml version="1.0" encoding="UTF-8"?>
<!-- Generated by org.testng.reporters.JUnitReportReporter -->
<testsuite skipped="0" hostname="hp-11" name="test.FlightReservationTest" tests="3" failures="0" timestamp="31 oct 2017 06:38:41 GMT" time="20.580" errors="0">
  <testcase name="validarTextLinks" time="6.917" classname="test.FlightReservationTest"/>
  <testcase name="verificarElementosFindFlight" time="3.920" classname="test.FlightReservationTest"/>
  <testcase name="seleccionarOpcionesVuelo" time="9.743" classname="test.FlightReservationTest"/>
</testsuite> <!-- test.FlightReservationTest -->
