<?xml version="1.0" encoding="UTF-8"?>
<!-- Generated by org.testng.reporters.JUnitReportReporter -->
<testsuite skipped="0" hostname="hp-11" name="test.LoginTest" tests="3" failures="0" timestamp="04 nov 2017 01:27:34 GMT" time="9.824" errors="0">
  <testcase name="validarTextLinks" time="1.397" classname="test.LoginTest"/>
  <testcase name="verificarCamposLogin" time="0.684" classname="test.LoginTest"/>
  <testcase name="autenticarse" time="7.743" classname="test.LoginTest"/>
</testsuite> <!-- test.LoginTest -->
