<?xml version="1.0" encoding="UTF-8"?>
<!-- Generated by org.testng.reporters.JUnitReportReporter -->
<testsuite skipped="0" hostname="hp-11" name="test.LoginTest" tests="3" failures="0" timestamp="02 nov 2017 20:24:47 GMT" time="10.769" errors="0">
  <testcase name="validarTextLinks" time="1.580" classname="test.LoginTest"/>
  <testcase name="verificarCamposLogin" time="0.780" classname="test.LoginTest"/>
  <testcase name="autenticarse" time="8.409" classname="test.LoginTest"/>
</testsuite> <!-- test.LoginTest -->
