<?xml version="1.0" encoding="UTF-8"?>
<!-- Generated by org.testng.reporters.JUnitReportReporter -->
<testsuite skipped="0" hostname="hp-11" name="test.LoginTest" tests="3" failures="0" timestamp="30 oct 2017 03:18:35 GMT" time="11.946" errors="0">
  <testcase name="validarTextLinks" time="1.609" classname="test.LoginTest"/>
  <testcase name="verificarCamposLogin" time="0.708" classname="test.LoginTest"/>
  <testcase name="autenticarse" time="9.629" classname="test.LoginTest"/>
</testsuite> <!-- test.LoginTest -->
