<?xml version="1.0" encoding="UTF-8"?>
<!-- Generated by org.testng.reporters.JUnitReportReporter -->
<testsuite skipped="0" hostname="hp-11" name="test.BookFlightTest" tests="2" failures="0" timestamp="02 nov 2017 21:05:22 GMT" time="26.070" errors="0">
  <testcase name="validarTextLinks" time="19.447" classname="test.BookFlightTest"/>
  <testcase name="verificarElementosBookFlight" time="6.623" classname="test.BookFlightTest"/>
</testsuite> <!-- test.BookFlightTest -->
