<?xml version="1.0" encoding="UTF-8"?>
<!-- Generated by org.testng.reporters.JUnitReportReporter -->
<testsuite skipped="0" hostname="hp-11" name="test.SelectFlightTest" tests="3" failures="0" timestamp="31 oct 2017 16:20:19 GMT" time="20.504" errors="0">
  <testcase name="validarTextLinks" time="15.992" classname="test.SelectFlightTest"/>
  <testcase name="verificarElementosFindFlight" time="1.964" classname="test.SelectFlightTest"/>
  <testcase name="seleccionarDepartAndReturn" time="2.548" classname="test.SelectFlightTest"/>
</testsuite> <!-- test.SelectFlightTest -->
