<?xml version="1.0" encoding="UTF-8"?>
<!-- Generated by org.testng.reporters.JUnitReportReporter -->
<testsuite skipped="0" hostname="hp-11" name="test.BookFlightTest" tests="3" failures="0" timestamp="02 nov 2017 21:30:25 GMT" time="57.074" errors="0">
  <testcase name="validarTextLinks" time="21.447" classname="test.BookFlightTest"/>
  <testcase name="verificarElementosBookFlight" time="6.840" classname="test.BookFlightTest"/>
  <testcase name="seleccionarOpcionesBookFlight" time="28.787" classname="test.BookFlightTest"/>
</testsuite> <!-- test.BookFlightTest -->
