<?xml version="1.0" encoding="UTF-8"?>
<!-- Generated by org.testng.reporters.JUnitReportReporter -->
<testsuite skipped="0" hostname="hp-11" name="test.LoginTest" tests="3" failures="0" timestamp="30 oct 2017 04:47:47 GMT" time="10.016" errors="0">
  <testcase name="validarTextLinks" time="1.410" classname="test.LoginTest"/>
  <testcase name="verificarCamposLogin" time="0.719" classname="test.LoginTest"/>
  <testcase name="autenticarse" time="7.887" classname="test.LoginTest"/>
</testsuite> <!-- test.LoginTest -->
