<?xml version="1.0" encoding="UTF-8"?>
<!-- Generated by org.testng.reporters.JUnitReportReporter -->
<testsuite skipped="0" hostname="hp-11" name="test.RegisterTest" tests="3" failures="0" timestamp="30 oct 2017 04:08:00 GMT" time="18.130" errors="0">
  <testcase name="validarTextLinks" time="0.663" classname="test.RegisterTest"/>
  <testcase name="verificarCamposRegister" time="5.350" classname="test.RegisterTest"/>
  <testcase name="registrase" time="12.117" classname="test.RegisterTest"/>
</testsuite> <!-- test.RegisterTest -->
