<?xml version="1.0" encoding="UTF-8"?>
<!-- Generated by org.testng.reporters.JUnitReportReporter -->
<testsuite skipped="0" hostname="hp-11" name="test.SelectFlightTest" tests="3" failures="0" timestamp="01 nov 2017 04:24:15 GMT" time="21.151" errors="0">
  <testcase name="validarTextLinks" time="16.220" classname="test.SelectFlightTest"/>
  <testcase name="verificarElementosFindFlight" time="2.238" classname="test.SelectFlightTest"/>
  <testcase name="seleccionarDepartAndReturn" time="2.693" classname="test.SelectFlightTest"/>
</testsuite> <!-- test.SelectFlightTest -->
