<?xml version="1.0" encoding="UTF-8"?>
<!-- Generated by org.testng.reporters.JUnitReportReporter -->
<testsuite skipped="0" hostname="hp-11" name="scriptsSimples.LoginMercuryTours" tests="1" failures="0" timestamp="26 oct 2017 07:21:44 GMT" time="6.165" errors="0">
  <testcase name="testLoginMercuryTours" time="6.165" classname="scriptsSimples.LoginMercuryTours"/>
</testsuite> <!-- scriptsSimples.LoginMercuryTours -->
