<?xml version="1.0" encoding="UTF-8"?>
<!-- Generated by org.testng.reporters.JUnitReportReporter -->
<testsuite skipped="0" hostname="hp-11" name="test.cp001ValidarCampos" tests="2" failures="0" timestamp="04 nov 2017 02:15:07 GMT" time="8.214" errors="0">
  <testcase name="verificarCamposLogin" time="3.400" classname="test.cp001ValidarCampos"/>
  <testcase name="autenticarse" time="4.814" classname="test.cp001ValidarCampos"/>
</testsuite> <!-- test.cp001ValidarCampos -->
