<?xml version="1.0" encoding="UTF-8"?>
<!-- Generated by org.testng.reporters.JUnitReportReporter -->
<testsuite skipped="0" hostname="BILISB09" name="scriptsSimples.ReservarVuelo" tests="1" failures="0" timestamp="24 oct 2017 00:31:10 GMT" time="5.759" errors="0">
  <testcase name="testReservarVuelo" time="5.759" classname="scriptsSimples.ReservarVuelo"/>
</testsuite> <!-- scriptsSimples.ReservarVuelo -->
