<?xml version="1.0" encoding="UTF-8"?>
<!-- Generated by org.testng.reporters.JUnitReportReporter -->
<testsuite skipped="0" hostname="hp-11" name="test.FlightConfirmationTest" tests="3" failures="0" timestamp="04 nov 2017 01:18:31 GMT" time="47.835" errors="0">
  <testcase name="validarTextLinks" time="46.038" classname="test.FlightConfirmationTest"/>
  <testcase name="verificarElementosFlightConfirmation" time="0.703" classname="test.FlightConfirmationTest"/>
  <testcase name="seleccionarOpcionesConfirmationFlight" time="1.094" classname="test.FlightConfirmationTest"/>
</testsuite> <!-- test.FlightConfirmationTest -->
