<?xml version="1.0" encoding="UTF-8"?>
<!-- Generated by org.testng.reporters.JUnitReportReporter -->
<testsuite skipped="0" hostname="hp-11" name="test.LoginTest" tests="3" failures="0" timestamp="28 oct 2017 20:12:30 GMT" time="10.267" errors="0">
  <testcase name="validarTextLinks" time="1.385" classname="test.LoginTest"/>
  <testcase name="verificarCamposLogin" time="0.753" classname="test.LoginTest"/>
  <testcase name="autenticarse" time="8.129" classname="test.LoginTest"/>
</testsuite> <!-- test.LoginTest -->
