<?xml version="1.0" encoding="UTF-8"?>
<!-- Generated by org.testng.reporters.JUnitReportReporter -->
<testsuite skipped="0" hostname="hp-11" name="scriptsSimples.ReservarVuelo" tests="1" failures="0" timestamp="26 oct 2017 07:22:54 GMT" time="12.653" errors="0">
  <testcase name="testReservarVuelo" time="12.653" classname="scriptsSimples.ReservarVuelo"/>
</testsuite> <!-- scriptsSimples.ReservarVuelo -->
