<?xml version="1.0" encoding="UTF-8"?>
<!-- Generated by org.testng.reporters.JUnitReportReporter -->
<testsuite skipped="0" hostname="hp-11" name="test.FindFlightTest" tests="3" failures="0" timestamp="04 nov 2017 01:27:34 GMT" time="17.148" errors="0">
  <testcase name="validarTextLinks" time="5.018" classname="test.FindFlightTest"/>
  <testcase name="verificarElementosFindFlight" time="3.202" classname="test.FindFlightTest"/>
  <testcase name="seleccionarOpcionesVuelo" time="8.928" classname="test.FindFlightTest"/>
</testsuite> <!-- test.FindFlightTest -->
